#
# There is insufficient memory for the Java Runtime Environment to continue.
# Native memory allocation (mmap) failed to map 98566144 bytes for G1 virtual space
# Possible reasons:
#   The system is out of physical RAM or swap space
#   The process is running with CompressedOops enabled, and the Java Heap may be blocking the growth of the native heap
# Possible solutions:
#   Reduce memory load on the system
#   Increase physical memory or swap space
#   Check if swap backing store is full
#   Decrease Java heap size (-Xmx/-Xms)
#   Decrease number of Java threads
#   Decrease Java thread stack sizes (-Xss)
#   Set larger code cache with -XX:ReservedCodeCacheSize=
#   JVM is running with Unscaled Compressed Oops mode in which the Java heap is
#     placed in the first 4GB address space. The Java Heap base address is the
#     maximum limit for the native heap growth. Please use -XX:HeapBaseMinAddress
#     to set the Java Heap base and to place the Java Heap above 4GB virtual address.
# This output file may be truncated or incomplete.
#
#  Out of Memory Error (os_windows.cpp:3527), pid=102504, tid=106712
#
# JRE version:  (19.0.1+10) (build )
# Java VM: Java HotSpot(TM) 64-Bit Server VM (19.0.1+10-21, mixed mode, sharing, tiered, compressed oops, compressed class ptrs, g1 gc, windows-amd64)
# No core dump will be written. Minidumps are not enabled by default on client versions of Windows
#

---------------  S U M M A R Y ------------

Command Line: -javaagent:C:\Program Files\JetBrains\IntelliJ IDEA Community Edition 2022.2.4\lib\idea_rt.jar=56341:C:\Program Files\JetBrains\IntelliJ IDEA Community Edition 2022.2.4\bin -Dfile.encoding=UTF-8 -Dsun.stdout.encoding=UTF-8 -Dsun.stderr.encoding=UTF-8 Pattern

Host: AMD Ryzen 3 5300U with Radeon Graphics         , 8 cores, 5G,  Windows 11 , 64 bit Build 22000 (10.0.22000.318)
Time: Mon Jan 23 23:20:15 2023 India Standard Time elapsed time: 0.022901 seconds (0d 0h 0m 0s)

---------------  T H R E A D  ---------------

Current thread (0x000002104a4afd80):  JavaThread "Unknown thread" [_thread_in_vm, id=106712, stack(0x000000b33df00000,0x000000b33e000000)]

Stack: [0x000000b33df00000,0x000000b33e000000]
Native frames: (J=compiled Java code, j=interpreted, Vv=VM code, C=native code)
V  [jvm.dll+0x6ee8fa]
V  [jvm.dll+0x857a1e]
V  [jvm.dll+0x85940e]
V  [jvm.dll+0x859ac3]
V  [jvm.dll+0x28291f]
V  [jvm.dll+0x6eb6e9]
V  [jvm.dll+0x6e028a]
V  [jvm.dll+0x357136]
V  [jvm.dll+0x35eb96]
V  [jvm.dll+0x3b555e]
V  [jvm.dll+0x3b578f]
V  [jvm.dll+0x32c6ea]
V  [jvm.dll+0x32d59e]
V  [jvm.dll+0x821b20]
V  [jvm.dll+0x3c27c1]
V  [jvm.dll+0x8022f1]
V  [jvm.dll+0x44b30f]
V  [jvm.dll+0x44cc91]
C  [jli.dll+0x5287]
C  [ucrtbase.dll+0x26c0c]
C  [KERNEL32.DLL+0x154e0]
C  [ntdll.dll+0x485b]


---------------  P R O C E S S  ---------------

Threads class SMR info:
_java_thread_list=0x00007ffa2a26d048, length=0, elements={
}

Java Threads: ( => current thread )

Other Threads:
  0x000002104a5001f0 WorkerThread "GC Thread#0" [stack: 0x000000b33e000000,0x000000b33e100000] [id=100860]
  0x000002104a509fb0 ConcurrentGCThread "G1 Main Marker" [stack: 0x000000b33e100000,0x000000b33e200000] [id=97848]
  0x000002104a50a9e0 WorkerThread "G1 Conc#0" [stack: 0x000000b33e200000,0x000000b33e300000] [id=101928]

[error occurred during error reporting (printing all threads), id 0xc0000005, EXCEPTION_ACCESS_VIOLATION (0xc0000005) at pc=0x00007ffa29a2d127]

VM state: not at safepoint (not fully initialized)

VM Mutex/Monitor currently owned by a thread:  ([mutex/lock_event])
[0x000002104a4ab4d0] Heap_lock - owner thread: 0x000002104a4afd80

Heap address: 0x00000000a2200000, size: 1502 MB, Compressed Oops mode: 32-bit

CDS archive(s) mapped at: [0x0000000000000000-0x0000000000000000-0x0000000000000000), size 0, SharedBaseAddress: 0x0000000800000000, ArchiveRelocationMode: 0.
Narrow klass base: 0x0000000000000000, Narrow klass shift: 0, Narrow klass range: 0x0

GC Precious Log:
 CardTable entry size: 512
 Card Set container configuration: InlinePtr #cards 5 size 8 Array Of Cards #cards 12 size 40 Howl #buckets 4 coarsen threshold 1843 Howl Bitmap #cards 512 size 80 coarsen threshold 460 Card regions per heap region 1 cards per card region 2048

Heap:
 garbage-first heap   total 0K, used 0K [0x00000000a2200000, 0x0000000100000000)
  region size 1024K, 0 young (0K), 0 survivors (0K)

[error occurred during error reporting (printing heap information), id 0xc0000005, EXCEPTION_ACCESS_VIOLATION (0xc0000005) at pc=0x00007ffa29e36959]

GC Heap History (0 events):
No events

Dll operation events (1 events):
Event: 0.015 Loaded shared library C:\Program Files\Java\jdk-19\bin\java.dll

Deoptimization events (0 events):
No events

Classes loaded (0 events):
No events

Classes unloaded (0 events):
No events

Classes redefined (0 events):
No events

Internal exceptions (0 events):
No events

VM Operations (0 events):
No events

Events (0 events):
No events


Dynamic libraries:
0x00007ff747360000 - 0x00007ff747370000 	C:\Program Files\Java\jdk-19\bin\java.exe
0x00007ffa84da0000 - 0x00007ffa84fa7000 	C:\Windows\SYSTEM32\ntdll.dll
0x00007ffa83640000 - 0x00007ffa836fd000 	C:\Windows\System32\KERNEL32.DLL
0x00007ffa82280000 - 0x00007ffa825f4000 	C:\Windows\System32\KERNELBASE.dll
0x00007ffa82ae0000 - 0x00007ffa82bf1000 	C:\Windows\System32\ucrtbase.dll
0x00007ffa584c0000 - 0x00007ffa584db000 	C:\Program Files\Java\jdk-19\bin\VCRUNTIME140.dll
0x00007ffa57a20000 - 0x00007ffa57a38000 	C:\Program Files\Java\jdk-19\bin\jli.dll
0x00007ffa83550000 - 0x00007ffa835fc000 	C:\Windows\System32\ADVAPI32.dll
0x00007ffa84960000 - 0x00007ffa84a03000 	C:\Windows\System32\msvcrt.dll
0x00007ffa834b0000 - 0x00007ffa8354d000 	C:\Windows\System32\sechost.dll
0x00007ffa82c30000 - 0x00007ffa82d51000 	C:\Windows\System32\RPCRT4.dll
0x00007ffa83270000 - 0x00007ffa8341c000 	C:\Windows\System32\USER32.dll
0x00007ffa82c00000 - 0x00007ffa82c26000 	C:\Windows\System32\win32u.dll
0x00007ffa6a810000 - 0x00007ffa6aab5000 	C:\Windows\WinSxS\amd64_microsoft.windows.common-controls_6595b64144ccf1df_6.0.22000.120_none_9d947278b86cc467\COMCTL32.dll
0x00007ffa83820000 - 0x00007ffa83849000 	C:\Windows\System32\GDI32.dll
0x00007ffa82600000 - 0x00007ffa82712000 	C:\Windows\System32\gdi32full.dll
0x00007ffa827a0000 - 0x00007ffa8283d000 	C:\Windows\System32\msvcp_win.dll
0x00007ffa79110000 - 0x00007ffa7911a000 	C:\Windows\SYSTEM32\VERSION.dll
0x00007ffa83600000 - 0x00007ffa83631000 	C:\Windows\System32\IMM32.DLL
0x00007ffa634d0000 - 0x00007ffa634dc000 	C:\Program Files\Java\jdk-19\bin\vcruntime140_1.dll
0x00007ffa30240000 - 0x00007ffa302ce000 	C:\Program Files\Java\jdk-19\bin\msvcp140.dll
0x00007ffa296f0000 - 0x00007ffa2a3b0000 	C:\Program Files\Java\jdk-19\bin\server\jvm.dll
0x00007ffa7bf60000 - 0x00007ffa7bf93000 	C:\Windows\SYSTEM32\WINMM.dll
0x00007ffa4f1d0000 - 0x00007ffa4f1d9000 	C:\Windows\SYSTEM32\WSOCK32.dll
0x00007ffa83430000 - 0x00007ffa8349f000 	C:\Windows\System32\WS2_32.dll
0x00007ffa813a0000 - 0x00007ffa813b8000 	C:\Windows\SYSTEM32\kernel.appcore.dll
0x00007ffa63340000 - 0x00007ffa6334a000 	C:\Program Files\Java\jdk-19\bin\jimage.dll
0x00007ffa7fec0000 - 0x00007ffa800e1000 	C:\Windows\SYSTEM32\DBGHELP.DLL
0x00007ffa71070000 - 0x00007ffa710a1000 	C:\Windows\SYSTEM32\dbgcore.DLL
0x00007ffa82720000 - 0x00007ffa827a0000 	C:\Windows\System32\bcryptPrimitives.dll
0x00007ffa62090000 - 0x00007ffa6209e000 	C:\Program Files\Java\jdk-19\bin\instrument.dll
0x00007ffa54940000 - 0x00007ffa54966000 	C:\Program Files\Java\jdk-19\bin\java.dll

dbghelp: loaded successfully - version: 4.0.5 - missing functions: none
symbol engine: initialized successfully - sym options: 0x614 - pdb path: .;C:\Program Files\Java\jdk-19\bin;C:\Windows\SYSTEM32;C:\Windows\WinSxS\amd64_microsoft.windows.common-controls_6595b64144ccf1df_6.0.22000.120_none_9d947278b86cc467;C:\Program Files\Java\jdk-19\bin\server

VM Arguments:
jvm_args: -javaagent:C:\Program Files\JetBrains\IntelliJ IDEA Community Edition 2022.2.4\lib\idea_rt.jar=56341:C:\Program Files\JetBrains\IntelliJ IDEA Community Edition 2022.2.4\bin -Dfile.encoding=UTF-8 -Dsun.stdout.encoding=UTF-8 -Dsun.stderr.encoding=UTF-8 
java_command: Pattern
java_class_path (initial): C:\Users\Lenovo\Desktop\JavaQuestions\out\production\JavaQuestions
Launcher Type: SUN_STANDARD

[Global flags]
     intx CICompilerCount                          = 4                                         {product} {ergonomic}
     uint ConcGCThreads                            = 2                                         {product} {ergonomic}
     uint G1ConcRefinementThreads                  = 8                                         {product} {ergonomic}
   size_t G1HeapRegionSize                         = 1048576                                   {product} {ergonomic}
    uintx GCDrainStackTargetSize                   = 64                                        {product} {ergonomic}
   size_t InitialHeapSize                          = 98566144                                  {product} {ergonomic}
   size_t MarkStackSize                            = 4194304                                   {product} {ergonomic}
   size_t MaxHeapSize                              = 1574961152                                {product} {ergonomic}
   size_t MinHeapDeltaBytes                        = 1048576                                   {product} {ergonomic}
   size_t MinHeapSize                              = 8388608                                   {product} {ergonomic}
    uintx NonNMethodCodeHeapSize                   = 5839372                                {pd product} {ergonomic}
    uintx NonProfiledCodeHeapSize                  = 122909434                              {pd product} {ergonomic}
    uintx ProfiledCodeHeapSize                     = 122909434                              {pd product} {ergonomic}
    uintx ReservedCodeCacheSize                    = 251658240                              {pd product} {ergonomic}
     bool SegmentedCodeCache                       = true                                      {product} {ergonomic}
   size_t SoftMaxHeapSize                          = 1574961152                             {manageable} {ergonomic}
     bool UseCompressedClassPointers               = true                           {product lp64_product} {ergonomic}
     bool UseCompressedOops                        = true                           {product lp64_product} {ergonomic}
     bool UseG1GC                                  = true                                      {product} {ergonomic}
     bool UseLargePagesIndividualAllocation        = false                                  {pd product} {ergonomic}

Logging:
Log output configuration:
 #0: stdout all=warning uptime,level,tags foldmultilines=false
 #1: stderr all=off uptime,level,tags foldmultilines=false

Environment Variables:
PATH=C:\Program Files\Common Files\Oracle\Java\javapath;C:\Windows\system32;C:\Windows;C:\Windows\System32\Wbem;C:\Windows\System32\WindowsPowerShell\v1.0\;C:\Windows\System32\OpenSSH\;C:\Program Files\Git\cmd;C:\Program Files\nodejs\;C:\Users\Lenovo\AppData\Local\Microsoft\WindowsApps;C:\Users\Lenovo\AppData\Local\GitHubDesktop\bin;C:\Users\Lenovo\AppData\Local\Programs\Microsoft VS Code\bin;C:\Users\Lenovo\AppData\Roaming\npm
USERNAME=Lenovo
OS=Windows_NT
PROCESSOR_IDENTIFIER=AMD64 Family 23 Model 104 Stepping 1, AuthenticAMD
TMP=C:\Users\Lenovo\AppData\Local\Temp
TEMP=C:\Users\Lenovo\AppData\Local\Temp



---------------  S Y S T E M  ---------------

OS:
 Windows 11 , 64 bit Build 22000 (10.0.22000.318)
OS uptime: 22 days 13:13 hours

CPU: total 8 (initial active 8) (8 cores per cpu, 2 threads per core) family 23 model 104 stepping 1 microcode 0x0, cx8, cmov, fxsr, ht, mmx, 3dnowpref, sse, sse2, sse3, ssse3, sse4a, sse4.1, sse4.2, popcnt, lzcnt, tsc, tscinvbit, avx, avx2, aes, clmul, bmi1, bmi2, adx, sha, fma, vzeroupper, clflush, clflushopt, rdtscp, rdpid

Memory: 4k page, system-wide physical 6006M (371M free)
TotalPageFile size 24438M (AvailPageFile size 40M)
current process WorkingSet (physical memory assigned to process): 10M, peak: 10M
current process commit charge ("private bytes"): 60M, peak: 154M

vm_info: Java HotSpot(TM) 64-Bit Server VM (19.0.1+10-21) for windows-amd64 JRE (19.0.1+10-21), built on 2022-09-14T12:45:06Z by "mach5one" with MS VC++ 17.1 (VS2022)

END.
